<?xml version="1.0" encoding="UTF-8"?>
<testng-results skipped="0" failed="1" ignored="0" total="6" passed="5">
  <reporter-output>
  </reporter-output>
  <suite name="Suite" duration-ms="168077" started-at="2020-12-08T17:20:51 CAT" finished-at="2020-12-08T17:23:39 CAT">
    <groups>
    </groups>
    <test name="Sce5_SubmitQuery" duration-ms="27987" started-at="2020-12-08T17:20:51 CAT" finished-at="2020-12-08T17:21:19 CAT">
      <class name="DemoProject.E2EProject.ValidateQuerySub">
        <test-method status="PASS" signature="initialize()[pri:0, instance:DemoProject.E2EProject.ValidateQuerySub@694e1548]" name="initialize" is-config="true" duration-ms="15010" started-at="2020-12-08T17:20:51 CAT" finished-at="2020-12-08T17:21:06 CAT">
          <reporter-output>
          </reporter-output>
        </test-method> <!-- initialize -->
        <test-method status="PASS" signature="basePage()[pri:0, instance:DemoProject.E2EProject.ValidateQuerySub@694e1548]" name="basePage" duration-ms="12702" started-at="2020-12-08T17:21:06 CAT" finished-at="2020-12-08T17:21:19 CAT">
          <reporter-output>
          </reporter-output>
        </test-method> <!-- basePage -->
        <test-method status="PASS" signature="teardown()[pri:0, instance:DemoProject.E2EProject.ValidateQuerySub@694e1548]" name="teardown" is-config="true" duration-ms="85" started-at="2020-12-08T17:21:19 CAT" finished-at="2020-12-08T17:21:19 CAT">
          <reporter-output>
          </reporter-output>
        </test-method> <!-- teardown -->
      </class> <!-- DemoProject.E2EProject.ValidateQuerySub -->
    </test> <!-- Sce5_SubmitQuery -->
    <test name="Sce6_ValidLogin" duration-ms="21447" started-at="2020-12-08T17:21:19 CAT" finished-at="2020-12-08T17:21:41 CAT">
      <class name="DemoProject.E2EProject.ValidateSignin">
        <test-method status="PASS" signature="initialize()[pri:0, instance:DemoProject.E2EProject.ValidateSignin@1b68ddbd]" name="initialize" is-config="true" duration-ms="12124" started-at="2020-12-08T17:21:19 CAT" finished-at="2020-12-08T17:21:31 CAT">
          <reporter-output>
          </reporter-output>
        </test-method> <!-- initialize -->
        <test-method status="PASS" signature="basePage()[pri:0, instance:DemoProject.E2EProject.ValidateSignin@1b68ddbd]" name="basePage" duration-ms="8987" started-at="2020-12-08T17:21:31 CAT" finished-at="2020-12-08T17:21:40 CAT">
          <reporter-output>
          </reporter-output>
        </test-method> <!-- basePage -->
        <test-method status="PASS" signature="teardown()[pri:0, instance:DemoProject.E2EProject.ValidateSignin@1b68ddbd]" name="teardown" is-config="true" duration-ms="319" started-at="2020-12-08T17:21:40 CAT" finished-at="2020-12-08T17:21:41 CAT">
          <reporter-output>
          </reporter-output>
        </test-method> <!-- teardown -->
      </class> <!-- DemoProject.E2EProject.ValidateSignin -->
    </test> <!-- Sce6_ValidLogin -->
    <test name="Test" duration-ms="15" started-at="2020-12-08T17:21:41 CAT" finished-at="2020-12-08T17:21:41 CAT">
    </test> <!-- Test -->
    <test name="Sce4_ViewOrderHistory" duration-ms="21010" started-at="2020-12-08T17:21:41 CAT" finished-at="2020-12-08T17:22:02 CAT">
      <class name="DemoProject.E2EProject.ValidateOrderHistory">
        <test-method status="PASS" signature="initialize()[pri:0, instance:DemoProject.E2EProject.ValidateOrderHistory@30a3107a]" name="initialize" is-config="true" duration-ms="11018" started-at="2020-12-08T17:21:41 CAT" finished-at="2020-12-08T17:21:52 CAT">
          <reporter-output>
          </reporter-output>
        </test-method> <!-- initialize -->
        <test-method status="PASS" signature="basePage()[pri:0, instance:DemoProject.E2EProject.ValidateOrderHistory@30a3107a]" name="basePage" duration-ms="9731" started-at="2020-12-08T17:21:52 CAT" finished-at="2020-12-08T17:22:02 CAT">
          <reporter-output>
          </reporter-output>
        </test-method> <!-- basePage -->
        <test-method status="PASS" signature="teardown()[pri:0, instance:DemoProject.E2EProject.ValidateOrderHistory@30a3107a]" name="teardown" is-config="true" duration-ms="213" started-at="2020-12-08T17:22:02 CAT" finished-at="2020-12-08T17:22:02 CAT">
          <reporter-output>
          </reporter-output>
        </test-method> <!-- teardown -->
      </class> <!-- DemoProject.E2EProject.ValidateOrderHistory -->
    </test> <!-- Sce4_ViewOrderHistory -->
    <test name="Sce1_ValidatePageTitle" duration-ms="12927" started-at="2020-12-08T17:22:02 CAT" finished-at="2020-12-08T17:22:15 CAT">
      <class name="DemoProject.E2EProject.ValidateTitle">
        <test-method status="PASS" signature="initialize()[pri:0, instance:DemoProject.E2EProject.ValidateTitle@78e67e0a]" name="initialize" is-config="true" duration-ms="12600" started-at="2020-12-08T17:22:02 CAT" finished-at="2020-12-08T17:22:15 CAT">
          <reporter-output>
          </reporter-output>
        </test-method> <!-- initialize -->
        <test-method status="PASS" signature="basePage()[pri:0, instance:DemoProject.E2EProject.ValidateTitle@78e67e0a]" name="basePage" duration-ms="52" started-at="2020-12-08T17:22:15 CAT" finished-at="2020-12-08T17:22:15 CAT">
          <reporter-output>
          </reporter-output>
        </test-method> <!-- basePage -->
        <test-method status="PASS" signature="teardown()[pri:0, instance:DemoProject.E2EProject.ValidateTitle@78e67e0a]" name="teardown" is-config="true" duration-ms="265" started-at="2020-12-08T17:22:15 CAT" finished-at="2020-12-08T17:22:15 CAT">
          <reporter-output>
          </reporter-output>
        </test-method> <!-- teardown -->
      </class> <!-- DemoProject.E2EProject.ValidateTitle -->
    </test> <!-- Sce1_ValidatePageTitle -->
    <test name="Sce2_RegisterNewuser" duration-ms="51117" started-at="2020-12-08T17:22:15 CAT" finished-at="2020-12-08T17:23:06 CAT">
      <class name="DemoProject.E2EProject.HomePage">
        <test-method status="PASS" signature="initialize()[pri:0, instance:DemoProject.E2EProject.HomePage@2173f6d9]" name="initialize" is-config="true" duration-ms="31046" started-at="2020-12-08T17:22:15 CAT" finished-at="2020-12-08T17:22:46 CAT">
          <reporter-output>
          </reporter-output>
        </test-method> <!-- initialize -->
        <test-method status="FAIL" signature="basePage(java.lang.String, java.lang.String, java.lang.String)[pri:0, instance:DemoProject.E2EProject.HomePage@2173f6d9]" name="basePage" duration-ms="19889" started-at="2020-12-08T17:22:46 CAT" data-provider="getData" finished-at="2020-12-08T17:23:06 CAT">
          <params>
            <param index="0">
              <value>
                <![CDATA[deepaksharma@gmail.com]]>
              </value>
            </param>
            <param index="1">
              <value>
                <![CDATA[pawan]]>
              </value>
            </param>
            <param index="2">
              <value>
                <![CDATA[kumar]]>
              </value>
            </param>
          </params>
          <exception class="org.openqa.selenium.NoSuchElementException">
            <message>
              <![CDATA[no such element: Unable to locate element: {"method":"xpath","selector":"//div[@id='uniform-id_gender1']"}
  (Session info: chrome=87.0.4280.88)
For documentation on this error, please visit: https://www.seleniumhq.org/exceptions/no_such_element.html
Build info: version: '3.141.59', revision: 'e82be7d358', time: '2018-11-14T08:17:03'
System info: host: 'SANKET-PC', ip: '192.168.101.246', os.name: 'Windows 10', os.arch: 'amd64', os.version: '10.0', java.version: '1.8.0_251'
Driver info: org.openqa.selenium.chrome.ChromeDriver
Capabilities {acceptInsecureCerts: false, browserName: chrome, browserVersion: 87.0.4280.88, chrome: {chromedriverVersion: 87.0.4280.88 (89e2380a3e36c..., userDataDir: C:\Users\Sanket\AppData\Loc...}, goog:chromeOptions: {debuggerAddress: localhost:52988}, javascriptEnabled: true, networkConnectionEnabled: false, pageLoadStrategy: normal, platform: WINDOWS, platformName: WINDOWS, proxy: Proxy(), setWindowRect: true, strictFileInteractability: false, timeouts: {implicit: 0, pageLoad: 300000, script: 30000}, unhandledPromptBehavior: dismiss and notify, webauthn:virtualAuthenticators: true}
Session ID: a1b06928c31243f2440f05041eea24c7
*** Element info: {Using=xpath, value=//div[@id='uniform-id_gender1']}]]>
            </message>
            <full-stacktrace>
              <![CDATA[org.openqa.selenium.NoSuchElementException: no such element: Unable to locate element: {"method":"xpath","selector":"//div[@id='uniform-id_gender1']"}
  (Session info: chrome=87.0.4280.88)
For documentation on this error, please visit: https://www.seleniumhq.org/exceptions/no_such_element.html
Build info: version: '3.141.59', revision: 'e82be7d358', time: '2018-11-14T08:17:03'
System info: host: 'SANKET-PC', ip: '192.168.101.246', os.name: 'Windows 10', os.arch: 'amd64', os.version: '10.0', java.version: '1.8.0_251'
Driver info: org.openqa.selenium.chrome.ChromeDriver
Capabilities {acceptInsecureCerts: false, browserName: chrome, browserVersion: 87.0.4280.88, chrome: {chromedriverVersion: 87.0.4280.88 (89e2380a3e36c..., userDataDir: C:\Users\Sanket\AppData\Loc...}, goog:chromeOptions: {debuggerAddress: localhost:52988}, javascriptEnabled: true, networkConnectionEnabled: false, pageLoadStrategy: normal, platform: WINDOWS, platformName: WINDOWS, proxy: Proxy(), setWindowRect: true, strictFileInteractability: false, timeouts: {implicit: 0, pageLoad: 300000, script: 30000}, unhandledPromptBehavior: dismiss and notify, webauthn:virtualAuthenticators: true}
Session ID: a1b06928c31243f2440f05041eea24c7
*** Element info: {Using=xpath, value=//div[@id='uniform-id_gender1']}
at sun.reflect.NativeConstructorAccessorImpl.newInstance0(Native Method)
at sun.reflect.NativeConstructorAccessorImpl.newInstance(Unknown Source)
at sun.reflect.DelegatingConstructorAccessorImpl.newInstance(Unknown Source)
at java.lang.reflect.Constructor.newInstance(Unknown Source)
at org.openqa.selenium.remote.http.W3CHttpResponseCodec.createException(W3CHttpResponseCodec.java:187)
at org.openqa.selenium.remote.http.W3CHttpResponseCodec.decode(W3CHttpResponseCodec.java:122)
at org.openqa.selenium.remote.http.W3CHttpResponseCodec.decode(W3CHttpResponseCodec.java:49)
at org.openqa.selenium.remote.HttpCommandExecutor.execute(HttpCommandExecutor.java:158)
at org.openqa.selenium.remote.service.DriverCommandExecutor.execute(DriverCommandExecutor.java:83)
at org.openqa.selenium.remote.RemoteWebDriver.execute(RemoteWebDriver.java:552)
at org.openqa.selenium.remote.RemoteWebDriver.findElement(RemoteWebDriver.java:323)
at org.openqa.selenium.remote.RemoteWebDriver.findElementByXPath(RemoteWebDriver.java:428)
at org.openqa.selenium.By$ByXPath.findElement(By.java:353)
at org.openqa.selenium.remote.RemoteWebDriver.findElement(RemoteWebDriver.java:315)
at pageObjects.Registerdetails.getGender(Registerdetails.java:43)
at DemoProject.E2EProject.HomePage.basePage(HomePage.java:49)
at sun.reflect.NativeMethodAccessorImpl.invoke0(Native Method)
at sun.reflect.NativeMethodAccessorImpl.invoke(Unknown Source)
at sun.reflect.DelegatingMethodAccessorImpl.invoke(Unknown Source)
at java.lang.reflect.Method.invoke(Unknown Source)
at org.testng.internal.MethodInvocationHelper.invokeMethod(MethodInvocationHelper.java:134)
at org.testng.internal.TestInvoker.invokeMethod(TestInvoker.java:597)
at org.testng.internal.TestInvoker.invokeTestMethod(TestInvoker.java:173)
at org.testng.internal.MethodRunner.runInSequence(MethodRunner.java:46)
at org.testng.internal.TestInvoker$MethodInvocationAgent.invoke(TestInvoker.java:816)
at org.testng.internal.TestInvoker.invokeTestMethods(TestInvoker.java:146)
at org.testng.internal.TestMethodWorker.invokeTestMethods(TestMethodWorker.java:146)
at org.testng.internal.TestMethodWorker.run(TestMethodWorker.java:128)
at java.util.ArrayList.forEach(Unknown Source)
at org.testng.TestRunner.privateRun(TestRunner.java:766)
at org.testng.TestRunner.run(TestRunner.java:587)
at org.testng.SuiteRunner.runTest(SuiteRunner.java:384)
at org.testng.SuiteRunner.runSequentially(SuiteRunner.java:378)
at org.testng.SuiteRunner.privateRun(SuiteRunner.java:337)
at org.testng.SuiteRunner.run(SuiteRunner.java:286)
at org.testng.SuiteRunnerWorker.runSuite(SuiteRunnerWorker.java:53)
at org.testng.SuiteRunnerWorker.run(SuiteRunnerWorker.java:96)
at org.testng.TestNG.runSuitesSequentially(TestNG.java:1187)
at org.testng.TestNG.runSuitesLocally(TestNG.java:1109)
at org.testng.TestNG.runSuites(TestNG.java:1039)
at org.testng.TestNG.run(TestNG.java:1007)
at org.testng.remote.AbstractRemoteTestNG.run(AbstractRemoteTestNG.java:115)
at org.testng.remote.RemoteTestNG.initAndRun(RemoteTestNG.java:251)
at org.testng.remote.RemoteTestNG.main(RemoteTestNG.java:77)
]]>
            </full-stacktrace>
          </exception> <!-- org.openqa.selenium.NoSuchElementException -->
          <reporter-output>
          </reporter-output>
        </test-method> <!-- basePage -->
        <test-method status="PASS" signature="teardown()[pri:0, instance:DemoProject.E2EProject.HomePage@2173f6d9]" name="teardown" is-config="true" duration-ms="149" started-at="2020-12-08T17:23:06 CAT" finished-at="2020-12-08T17:23:06 CAT">
          <reporter-output>
          </reporter-output>
        </test-method> <!-- teardown -->
      </class> <!-- DemoProject.E2EProject.HomePage -->
    </test> <!-- Sce2_RegisterNewuser -->
    <test name="Sce3_Viewaddeditems" duration-ms="32633" started-at="2020-12-08T17:23:06 CAT" finished-at="2020-12-08T17:23:39 CAT">
      <class name="DemoProject.E2EProject.ValidateAdditems">
        <test-method status="PASS" signature="initialize()[pri:0, instance:DemoProject.E2EProject.ValidateAdditems@42f93a98]" name="initialize" is-config="true" duration-ms="11919" started-at="2020-12-08T17:23:06 CAT" finished-at="2020-12-08T17:23:18 CAT">
          <reporter-output>
          </reporter-output>
        </test-method> <!-- initialize -->
        <test-method status="PASS" signature="basePage()[pri:0, instance:DemoProject.E2EProject.ValidateAdditems@42f93a98]" name="basePage" duration-ms="20558" started-at="2020-12-08T17:23:18 CAT" finished-at="2020-12-08T17:23:39 CAT">
          <reporter-output>
          </reporter-output>
        </test-method> <!-- basePage -->
        <test-method status="PASS" signature="teardown()[pri:0, instance:DemoProject.E2EProject.ValidateAdditems@42f93a98]" name="teardown" is-config="true" duration-ms="153" started-at="2020-12-08T17:23:39 CAT" finished-at="2020-12-08T17:23:39 CAT">
          <reporter-output>
          </reporter-output>
        </test-method> <!-- teardown -->
      </class> <!-- DemoProject.E2EProject.ValidateAdditems -->
    </test> <!-- Sce3_Viewaddeditems -->
  </suite> <!-- Suite -->
</testng-results>
